<?xml version="1.0" encoding="UTF-8"?>
<!-- Generated by org.testng.reporters.JUnitXMLReporter -->
<testsuite ignored="0" hostname="jhonesLG" failures="0" tests="2" name="Smoke Test" time="14.728" errors="0" timestamp="2022-12-11T23:00:26 GMT">
  <testcase classname="com.orangehrmlive.demo.testsuite.LoginPageTest" name="userShouldLoginSuccessfullyWithValidCredentials" time="2.051"/>
  <testcase classname="com.orangehrmlive.demo.testsuite.ForgotPasswordTest" name="userShouldNavigateToForgotPasswordPageSuccessfully" time="1.087"/>
</testsuite> <!-- Smoke Test -->
