<?xml version="1.0" encoding="UTF-8"?>
<!-- Generated by org.testng.reporters.JUnitXMLReporter -->
<testsuite ignored="0" hostname="jhonesLG" failures="0" tests="2" name="Regression Test" time="11.382" errors="0" timestamp="2022-12-12T16:24:30 GMT">
  <testcase classname="com.orangehrmlive.demo.testsuite.LoginPageTest" name="userShouldLoginSuccessfullyWithValidCredentials" time="1.739"/>
  <testcase classname="com.orangehrmlive.demo.testsuite.ForgotPasswordTest" name="userShouldNavigateToForgotPasswordPageSuccessfully" time="0.882"/>
</testsuite> <!-- Regression Test -->
