<?xml version="1.0" encoding="UTF-8"?>
<testng-results ignored="0" total="2" passed="2" failed="0" skipped="0">
  <reporter-output>
    <line>
      <![CDATA[Enter username Admin to email field [[ChromeDriver: chrome on WINDOWS (05864aedef755439183527a2eac3583d)] -> name: username]]]>
    </line>
    <line>
      <![CDATA[Enter password admin123 to password field [[ChromeDriver: chrome on WINDOWS (05864aedef755439183527a2eac3583d)] -> name: password]]]>
    </line>
    <line>
      <![CDATA[User clicks on Log In Button]]>
    </line>
    <line>
      <![CDATA[User gets error message]]>
    </line>
    <line>
      <![CDATA[Clicking on forgot password link]]>
    </line>
    <line>
      <![CDATA[User gets error message]]>
    </line>
  </reporter-output>
  <suite started-at="2022-12-12T16:24:18 GMT" name="Regression Suit" finished-at="2022-12-12T16:24:29 GMT" duration-ms="11382">
    <groups>
      <group name="regression">
        <method signature="ForgotPasswordTest.userShouldNavigateToForgotPasswordPageSuccessfully()[pri:0, instance:com.orangehrmlive.demo.testsuite.ForgotPasswordTest@351d00c0]" name="userShouldNavigateToForgotPasswordPageSuccessfully" class="com.orangehrmlive.demo.testsuite.ForgotPasswordTest"/>
        <method signature="LoginPageTest.userShouldLoginSuccessfullyWithValidCredentials()[pri:0, instance:com.orangehrmlive.demo.testsuite.LoginPageTest@79e2c065]" name="userShouldLoginSuccessfullyWithValidCredentials" class="com.orangehrmlive.demo.testsuite.LoginPageTest"/>
      </group> <!-- regression -->
      <group name="sanity">
        <method signature="ForgotPasswordTest.userShouldNavigateToForgotPasswordPageSuccessfully()[pri:0, instance:com.orangehrmlive.demo.testsuite.ForgotPasswordTest@351d00c0]" name="userShouldNavigateToForgotPasswordPageSuccessfully" class="com.orangehrmlive.demo.testsuite.ForgotPasswordTest"/>
        <method signature="LoginPageTest.userShouldLoginSuccessfullyWithValidCredentials()[pri:0, instance:com.orangehrmlive.demo.testsuite.LoginPageTest@79e2c065]" name="userShouldLoginSuccessfullyWithValidCredentials" class="com.orangehrmlive.demo.testsuite.LoginPageTest"/>
      </group> <!-- sanity -->
    </groups>
    <test started-at="2022-12-12T16:24:18 GMT" name="Regression Test" finished-at="2022-12-12T16:24:29 GMT" duration-ms="11382">
      <class name="com.orangehrmlive.demo.testsuite.LoginPageTest">
        <test-method is-config="true" signature="setUp()[pri:0, instance:com.orangehrmlive.demo.testsuite.LoginPageTest@79e2c065]" started-at="2022-12-12T16:24:18 GMT" name="setUp" finished-at="2022-12-12T16:24:23 GMT" duration-ms="4963" status="PASS">
          <reporter-output>
          </reporter-output>
        </test-method> <!-- setUp -->
        <test-method is-config="true" signature="inIt()[pri:0, instance:com.orangehrmlive.demo.testsuite.LoginPageTest@79e2c065]" started-at="2022-12-12T16:24:23 GMT" name="inIt" finished-at="2022-12-12T16:24:23 GMT" duration-ms="30" status="PASS">
          <reporter-output>
          </reporter-output>
        </test-method> <!-- inIt -->
        <test-method signature="userShouldLoginSuccessfullyWithValidCredentials()[pri:0, instance:com.orangehrmlive.demo.testsuite.LoginPageTest@79e2c065]" started-at="2022-12-12T16:24:23 GMT" name="userShouldLoginSuccessfullyWithValidCredentials" finished-at="2022-12-12T16:24:25 GMT" duration-ms="1739" status="PASS">
          <reporter-output>
            <line>
              <![CDATA[Enter username Admin to email field [[ChromeDriver: chrome on WINDOWS (05864aedef755439183527a2eac3583d)] -> name: username]]]>
            </line>
            <line>
              <![CDATA[Enter password admin123 to password field [[ChromeDriver: chrome on WINDOWS (05864aedef755439183527a2eac3583d)] -> name: password]]]>
            </line>
            <line>
              <![CDATA[User clicks on Log In Button]]>
            </line>
            <line>
              <![CDATA[User gets error message]]>
            </line>
          </reporter-output>
        </test-method> <!-- userShouldLoginSuccessfullyWithValidCredentials -->
        <test-method is-config="true" signature="tearDown()[pri:0, instance:com.orangehrmlive.demo.testsuite.LoginPageTest@79e2c065]" started-at="2022-12-12T16:24:25 GMT" name="tearDown" finished-at="2022-12-12T16:24:25 GMT" duration-ms="308" status="PASS">
          <reporter-output>
          </reporter-output>
        </test-method> <!-- tearDown -->
      </class> <!-- com.orangehrmlive.demo.testsuite.LoginPageTest -->
      <class name="com.orangehrmlive.demo.testsuite.ForgotPasswordTest">
        <test-method is-config="true" signature="setUp()[pri:0, instance:com.orangehrmlive.demo.testsuite.ForgotPasswordTest@351d00c0]" started-at="2022-12-12T16:24:25 GMT" name="setUp" finished-at="2022-12-12T16:24:28 GMT" duration-ms="2804" status="PASS">
          <reporter-output>
          </reporter-output>
        </test-method> <!-- setUp -->
        <test-method is-config="true" signature="inIt()[pri:0, instance:com.orangehrmlive.demo.testsuite.ForgotPasswordTest@351d00c0]" started-at="2022-12-12T16:24:28 GMT" name="inIt" finished-at="2022-12-12T16:24:28 GMT" duration-ms="3" status="PASS">
          <reporter-output>
          </reporter-output>
        </test-method> <!-- inIt -->
        <test-method signature="userShouldNavigateToForgotPasswordPageSuccessfully()[pri:0, instance:com.orangehrmlive.demo.testsuite.ForgotPasswordTest@351d00c0]" started-at="2022-12-12T16:24:28 GMT" name="userShouldNavigateToForgotPasswordPageSuccessfully" finished-at="2022-12-12T16:24:29 GMT" duration-ms="882" status="PASS">
          <reporter-output>
            <line>
              <![CDATA[Clicking on forgot password link]]>
            </line>
            <line>
              <![CDATA[User gets error message]]>
            </line>
          </reporter-output>
        </test-method> <!-- userShouldNavigateToForgotPasswordPageSuccessfully -->
        <test-method is-config="true" signature="tearDown()[pri:0, instance:com.orangehrmlive.demo.testsuite.ForgotPasswordTest@351d00c0]" started-at="2022-12-12T16:24:29 GMT" name="tearDown" finished-at="2022-12-12T16:24:29 GMT" duration-ms="271" status="PASS">
          <reporter-output>
          </reporter-output>
        </test-method> <!-- tearDown -->
      </class> <!-- com.orangehrmlive.demo.testsuite.ForgotPasswordTest -->
    </test> <!-- Regression Test -->
  </suite> <!-- Regression Suit -->
</testng-results>
