<?xml version="1.0" encoding="UTF-8"?>
<!-- Generated by org.testng.reporters.JUnitXMLReporter -->
<testsuite ignored="0" hostname="jhonesLG" failures="0" tests="2" name="Sanity Test" time="12.014" errors="0" timestamp="2022-12-11T22:58:52 GMT">
  <testcase classname="com.orangehrmlive.demo.testsuite.LoginPageTest" name="userShouldLoginSuccessfullyWithValidCredentials" time="1.589"/>
  <testcase classname="com.orangehrmlive.demo.testsuite.ForgotPasswordTest" name="userShouldNavigateToForgotPasswordPageSuccessfully" time="1.171"/>
</testsuite> <!-- Sanity Test -->
